<?xml version="1.0" encoding="UTF-8"?>
<!-- Generated by org.testng.reporters.JUnitXMLReporter -->
<testsuite ignored="0" hostname="PF4A59NC" failures="0" tests="6" name="Test" time="9.764" errors="0" timestamp="2024-11-10T09:31:55 IST">
  <testcase classname="TestNg.TC_1_LoginToOranghrm" name="enterUsername" time="0.575"/>
  <testcase classname="TestNg.TC_1_LoginToOranghrm2" name="enterUsername" time="0.709"/>
  <testcase classname="TestNg.TC_1_LoginToOranghrm" name="enterPassword" time="0.114"/>
  <testcase classname="TestNg.TC_1_LoginToOranghrm2" name="enterPassword" time="0.08"/>
  <testcase classname="TestNg.TC_1_LoginToOranghrm" name="clickLogin" time="0.073"/>
  <testcase classname="TestNg.TC_1_LoginToOranghrm2" name="clickLogin" time="1.824"/>
</testsuite> <!-- Test -->
